<?xml version="1.0" encoding="UTF-8"?>
<!-- Generated by org.testng.reporters.JUnitXMLReporter -->
<testsuite ignored="0" hostname="DESKTOP-P10AQS1" failures="4" tests="40" name="DivideMultiplyTest" time="0.182" errors="0" timestamp="2021-03-22T20:02:44 MSK">
  <testcase classname="hw1.MultiplyTest" name="multDoubleTest" time="0.007"/>
  <testcase classname="hw1.MultiplyTest" name="multDoubleTest" time="0.0"/>
  <testcase classname="hw1.MultiplyTest" name="multDoubleTest" time="0.0"/>
  <testcase classname="hw1.MultiplyTest" name="multDoubleTest" time="0.003">
    <failure type="java.lang.AssertionError" message="expected [510.51000000000005] but found [510.0]">
      <![CDATA[java.lang.AssertionError: expected [510.51000000000005] but found [510.0]
at hw1.MultiplyTest.multDoubleTest(MultiplyTest.java:17)
at java.base/java.util.ArrayList.forEach(ArrayList.java:1541)
... Removed 35 stack frames]]>
    </failure>
  </testcase> <!-- multDoubleTest -->
  <testcase classname="hw1.MultiplyTest" name="multDoubleTest" time="0.0">
    <failure type="java.lang.AssertionError" message="expected [510.51000000000005] but found [510.0]">
      <![CDATA[java.lang.AssertionError: expected [510.51000000000005] but found [510.0]
at hw1.MultiplyTest.multDoubleTest(MultiplyTest.java:17)
at java.base/java.util.ArrayList.forEach(ArrayList.java:1541)
... Removed 35 stack frames]]>
    </failure>
  </testcase> <!-- multDoubleTest -->
  <testcase classname="hw1.MultiplyTest" name="multDoubleTest" time="0.001">
    <failure type="java.lang.AssertionError" message="expected [-510.51000000000005] but found [-511.0]">
      <![CDATA[java.lang.AssertionError: expected [-510.51000000000005] but found [-511.0]
at hw1.MultiplyTest.multDoubleTest(MultiplyTest.java:17)
at java.base/java.util.ArrayList.forEach(ArrayList.java:1541)
... Removed 35 stack frames]]>
    </failure>
  </testcase> <!-- multDoubleTest -->
  <testcase classname="hw1.MultiplyTest" name="multDoubleTest" time="0.0"/>
  <testcase classname="hw1.MultiplyTest" name="multDoubleTest" time="0.0"/>
  <testcase classname="hw1.MultiplyTest" name="multDoubleTest" time="0.0"/>
  <testcase classname="hw1.MultiplyTest" name="multDoubleTest" time="0.003">
    <failure type="java.lang.AssertionError" message="expected [-1.0E-323] but found [-1.0]">
      <![CDATA[java.lang.AssertionError: expected [-1.0E-323] but found [-1.0]
at hw1.MultiplyTest.multDoubleTest(MultiplyTest.java:17)
at java.base/java.util.ArrayList.forEach(ArrayList.java:1541)
... Removed 35 stack frames]]>
    </failure>
  </testcase> <!-- multDoubleTest -->
  <testcase classname="hw1.MultiplyTest" name="multLongTest" time="0.0"/>
  <testcase classname="hw1.MultiplyTest" name="multLongTest" time="0.0"/>
  <testcase classname="hw1.MultiplyTest" name="multLongTest" time="0.001"/>
  <testcase classname="hw1.MultiplyTest" name="multLongTest" time="0.0"/>
  <testcase classname="hw1.MultiplyTest" name="multLongTest" time="0.0"/>
  <testcase classname="hw1.MultiplyTest" name="multLongTest" time="0.0"/>
  <testcase classname="hw1.MultiplyTest" name="multLongTest" time="0.0"/>
  <testcase classname="hw1.MultiplyTest" name="multLongTest" time="0.0"/>
  <testcase classname="hw1.MultiplyTest" name="multLongTest" time="0.0"/>
  <testcase classname="hw1.MultiplyTest" name="multLongTest" time="0.0"/>
  <testcase classname="hw1.DivideTest" name="divDoubleTest" time="0.001"/>
  <testcase classname="hw1.DivideTest" name="divDoubleTest" time="0.001"/>
  <testcase classname="hw1.DivideTest" name="divDoubleTest" time="0.0"/>
  <testcase classname="hw1.DivideTest" name="divDoubleTest" time="0.001"/>
  <testcase classname="hw1.DivideTest" name="divDoubleTest" time="0.001"/>
  <testcase classname="hw1.DivideTest" name="divDoubleTest" time="0.001"/>
  <testcase classname="hw1.DivideTest" name="divDoubleTest" time="0.0"/>
  <testcase classname="hw1.DivideTest" name="divDoubleTest" time="0.0"/>
  <testcase classname="hw1.DivideTest" name="divDoubleTest" time="0.0"/>
  <testcase classname="hw1.DivideTest" name="divDoubleTest" time="0.0"/>
  <testcase classname="hw1.DivideTest" name="divLongTest" time="0.001"/>
  <testcase classname="hw1.DivideTest" name="divLongTest" time="0.0"/>
  <testcase classname="hw1.DivideTest" name="divLongTest" time="0.001"/>
  <testcase classname="hw1.DivideTest" name="divLongTest" time="0.001"/>
  <testcase classname="hw1.DivideTest" name="divLongTest" time="0.001"/>
  <testcase classname="hw1.DivideTest" name="divLongTest" time="0.0"/>
  <testcase classname="hw1.DivideTest" name="divLongTest" time="0.0"/>
  <testcase classname="hw1.DivideTest" name="divLongTest" time="0.001"/>
  <testcase classname="hw1.DivideTest" name="divLongTest" time="0.0"/>
  <testcase classname="hw1.DivideTest" name="divLongTest" time="0.0"/>
</testsuite> <!-- DivideMultiplyTest -->
